<?xml version="1.0" encoding="UTF-8"?>
<!-- Generated by org.testng.reporters.JUnitXMLReporter -->
<testsuite hostname="DESKTOP-UGTKQVE" ignored="0" name="Test" tests="3" failures="0" timestamp="2020-06-02T17:58:10 BST" time="94.327" errors="0">
  <testcase name="totalValidation" time="36.798" classname="Practice.AppiumFramework.Ecommece_TC_7"/>
  <testcase name="apiDemo" time="28.729" classname="Practice.AppiumFramework.apiDemoTest"/>
  <testcase name="apiDemo" time="28.719" classname="Practice.AppiumFramework.apiDemoTest"/>
</testsuite> <!-- Test -->
